TN:
SF:/Users/robertonstott/Desktop/galactic-age-calculator/src/galactic-age.js
FN:2,(anonymous_0)
FN:13,(anonymous_1)
FNF:2
FNH:2
FNDA:17,(anonymous_0)
FNDA:11,(anonymous_1)
DA:3,17
DA:4,17
DA:5,17
DA:6,17
DA:7,17
DA:8,17
DA:9,17
DA:10,17
DA:14,11
DA:15,6
DA:17,5
DA:19,11
DA:20,6
DA:22,11
DA:23,7
DA:25,11
DA:26,1
DA:27,1
DA:28,1
DA:30,10
DA:31,9
DA:32,9
DA:33,9
LF:23
LH:23
BRDA:14,0,0,6
BRDA:14,0,1,5
BRDA:19,1,0,6
BRDA:19,1,1,5
BRDA:22,2,0,7
BRDA:22,2,1,4
BRDA:25,3,0,1
BRDA:25,3,1,10
BRDA:30,4,0,9
BRDA:30,4,1,1
BRF:10
BRH:10
end_of_record
