TN:
SF:/Users/student/Desktop/RPG/src/RPG.js
FN:2,(anonymous_0)
FN:9,(anonymous_1)
FN:18,(anonymous_2)
FN:26,(anonymous_3)
FN:41,(anonymous_4)
FN:47,(anonymous_5)
FNF:6
FNH:5
FNDA:0,(anonymous_0)
FNDA:5,(anonymous_1)
FNDA:1,(anonymous_2)
FNDA:1,(anonymous_3)
FNDA:3,(anonymous_4)
FNDA:1,(anonymous_5)
DA:3,0
DA:10,5
DA:11,5
DA:12,5
DA:13,5
DA:14,5
DA:15,5
DA:16,5
DA:19,1
DA:20,1
DA:21,1
DA:22,1
DA:27,1
DA:28,1
DA:29,1
DA:42,3
DA:43,3
DA:44,3
DA:45,3
DA:48,1
DA:49,1
DA:50,1
LF:22
LH:21
BRDA:19,0,0,1
BRDA:19,0,1,0
BRDA:27,1,0,1
BRDA:27,1,1,0
BRDA:28,2,0,1
BRDA:28,2,1,0
BRDA:48,3,0,1
BRDA:48,3,1,0
BRDA:49,4,0,1
BRDA:49,4,1,0
BRF:10
BRH:5
end_of_record
